  main.cpp
d:\vs_file\ca_pro2\ca_pro2\regfile.h(92): warning C4477: 'printf' : format string '%s' requires an argument of type 'char *', but variadic argument 1 has type 'int'
d:\vs_file\ca_pro2\ca_pro2\regfile.h(92): warning C4473: 'printf' : not enough arguments passed for format string
  d:\vs_file\ca_pro2\ca_pro2\regfile.h(92): note: placeholders and their parameters expect 3 variadic arguments, but 2 were provided
  d:\vs_file\ca_pro2\ca_pro2\regfile.h(92): note: the missing variadic argument 3 is required by format string '%d'
d:\vs_file\ca_pro2\ca_pro2\main.cpp(25): warning C4244: '=': conversion from 'std::streamoff' to 'long', possible loss of data
d:\vs_file\ca_pro2\ca_pro2\main.cpp(32): warning C4244: 'initializing': conversion from 'std::streamoff' to 'long', possible loss of data
d:\vs_file\ca_pro2\ca_pro2\main.cpp(17): error C4996: 'fopen': This function or variable may be unsafe. Consider using fopen_s instead. To disable deprecation, use _CRT_SECURE_NO_WARNINGS. See online help for details.
  c:\program files (x86)\windows kits\10\include\10.0.10240.0\ucrt\stdio.h(205): note: see declaration of 'fopen'
d:\vs_file\ca_pro2\ca_pro2\main.cpp(18): error C4996: 'fopen': This function or variable may be unsafe. Consider using fopen_s instead. To disable deprecation, use _CRT_SECURE_NO_WARNINGS. See online help for details.
  c:\program files (x86)\windows kits\10\include\10.0.10240.0\ucrt\stdio.h(205): note: see declaration of 'fopen'
d:\vs_file\ca_pro2\ca_pro2\main.cpp(80): warning C4476: 'printf' : unknown type field character '^' in format specifier
  Generating Code...
  Compiling...
  regfile.cpp
d:\vs_file\ca_pro2\ca_pro2\regfile.h(92): warning C4477: 'printf' : format string '%s' requires an argument of type 'char *', but variadic argument 1 has type 'int'
d:\vs_file\ca_pro2\ca_pro2\regfile.h(92): warning C4473: 'printf' : not enough arguments passed for format string
  d:\vs_file\ca_pro2\ca_pro2\regfile.h(92): note: placeholders and their parameters expect 3 variadic arguments, but 2 were provided
  d:\vs_file\ca_pro2\ca_pro2\regfile.h(92): note: the missing variadic argument 3 is required by format string '%d'
  Generating Code...
  Compiling...
  simulate.cpp
d:\vs_file\ca_pro2\ca_pro2\regfile.h(92): warning C4477: 'printf' : format string '%s' requires an argument of type 'char *', but variadic argument 1 has type 'int'
d:\vs_file\ca_pro2\ca_pro2\regfile.h(92): warning C4473: 'printf' : not enough arguments passed for format string
  d:\vs_file\ca_pro2\ca_pro2\regfile.h(92): note: placeholders and their parameters expect 3 variadic arguments, but 2 were provided
  d:\vs_file\ca_pro2\ca_pro2\regfile.h(92): note: the missing variadic argument 3 is required by format string '%d'
d:\vs_file\ca_pro2\ca_pro2\simulate.cpp(191): warning C4473: 'printf' : not enough arguments passed for format string
  d:\vs_file\ca_pro2\ca_pro2\simulate.cpp(191): note: placeholders and their parameters expect 2 variadic arguments, but 1 were provided
  d:\vs_file\ca_pro2\ca_pro2\simulate.cpp(191): note: the missing variadic argument 2 is required by format string '%08x'
  Generating Code...
